0 info it worked if it ends with ok
1 verbose cli [ '/usr/bin/node', '/usr/bin/npm', 'run', 'debug', '--debug' ]
2 info using npm@3.5.2
3 info using node@v8.10.0
4 verbose run-script [ 'predebug', 'debug', 'postdebug' ]
5 info lifecycle controller@1.0.0~predebug: controller@1.0.0
6 silly lifecycle controller@1.0.0~predebug: no script for predebug, continuing
7 info lifecycle controller@1.0.0~debug: controller@1.0.0
8 verbose lifecycle controller@1.0.0~debug: unsafe-perm in lifecycle true
9 verbose lifecycle controller@1.0.0~debug: PATH: /usr/share/npm/bin/node-gyp-bin:/home/pawpr/projects/school/software_development/controller/node_modules/.bin:/home/pawpr/projects/school/software_development/controller/node_modules/.bin:/usr/share/npm/bin/node-gyp-bin:/home/pawpr/projects/school/software_development/controller/node_modules/.bin:/usr/local/sbin:/usr/local/bin:/usr/sbin:/usr/bin:/sbin:/bin:/snap/bin
10 verbose lifecycle controller@1.0.0~debug: CWD: /home/pawpr/projects/school/software_development/controller
11 silly lifecycle controller@1.0.0~debug: Args: [ '-c', 'node -r esm -r ts-node/register --inspect src/app.ts' ]
12 silly lifecycle controller@1.0.0~debug: Returned: code: 1  signal: null
13 info lifecycle controller@1.0.0~debug: Failed to exec debug script
14 verbose stack Error: controller@1.0.0 debug: `node -r esm -r ts-node/register --inspect src/app.ts`
14 verbose stack Exit status 1
14 verbose stack     at EventEmitter.<anonymous> (/usr/share/npm/lib/utils/lifecycle.js:232:16)
14 verbose stack     at emitTwo (events.js:126:13)
14 verbose stack     at EventEmitter.emit (events.js:214:7)
14 verbose stack     at ChildProcess.<anonymous> (/usr/share/npm/lib/utils/spawn.js:24:14)
14 verbose stack     at emitTwo (events.js:126:13)
14 verbose stack     at ChildProcess.emit (events.js:214:7)
14 verbose stack     at maybeClose (internal/child_process.js:925:16)
14 verbose stack     at Process.ChildProcess._handle.onexit (internal/child_process.js:209:5)
15 verbose pkgid controller@1.0.0
16 verbose cwd /home/pawpr/projects/school/software_development/controller
17 error Linux 4.19.84-microsoft-standard
18 error argv "/usr/bin/node" "/usr/bin/npm" "run" "debug" "--debug"
19 error node v8.10.0
20 error npm  v3.5.2
21 error code ELIFECYCLE
22 error controller@1.0.0 debug: `node -r esm -r ts-node/register --inspect src/app.ts`
22 error Exit status 1
23 error Failed at the controller@1.0.0 debug script 'node -r esm -r ts-node/register --inspect src/app.ts'.
23 error Make sure you have the latest version of node.js and npm installed.
23 error If you do, this is most likely a problem with the controller package,
23 error not with npm itself.
23 error Tell the author that this fails on your system:
23 error     node -r esm -r ts-node/register --inspect src/app.ts
23 error You can get information on how to open an issue for this project with:
23 error     npm bugs controller
23 error Or if that isn't available, you can get their info via:
23 error     npm owner ls controller
23 error There is likely additional logging output above.
24 verbose exit [ 1, true ]
